<?xml version="1.0" encoding="UTF-8"?>
<testng-results ignored="0" total="1" passed="1" failed="0" skipped="0">
  <reporter-output>
  </reporter-output>
  <suite started-at="2022-02-24T13:13:21Z" name="Default suite" finished-at="2022-02-24T13:13:55Z" duration-ms="34103">
    <groups>
      <group name="cucumber">
        <method signature="AbstractTestNGCucumberTests.runScenario(io.cucumber.testng.PickleWrapper, io.cucumber.testng.FeatureWrapper)[pri:0, instance:parallel.ParallelRun@7c2b58c0]" name="runScenario" class="io.cucumber.testng.AbstractTestNGCucumberTests"/>
      </group> <!-- cucumber -->
    </groups>
    <test started-at="2022-02-24T13:13:21Z" name="Default test" finished-at="2022-02-24T13:13:55Z" duration-ms="34103">
      <class name="parallel.ParallelRun">
        <test-method is-config="true" signature="setUpClass()[pri:0, instance:parallel.ParallelRun@7c2b58c0]" started-at="2022-02-24T13:13:21Z" name="setUpClass" finished-at="2022-02-24T13:13:23Z" duration-ms="1566" status="PASS">
          <reporter-output>
          </reporter-output>
        </test-method> <!-- setUpClass -->
        <test-method signature="runScenario(io.cucumber.testng.PickleWrapper, io.cucumber.testng.FeatureWrapper)[pri:0, instance:parallel.ParallelRun@7c2b58c0]" started-at="2022-02-24T13:13:23Z" name="runScenario" description="Runs Cucumber Scenarios" data-provider="scenarios" finished-at="2022-02-24T13:13:44Z" duration-ms="21402" status="PASS">
          <params>
            <param index="0">
              <value>
                <![CDATA["Bhiman_Applications"]]>
              </value>
            </param>
            <param index="1">
              <value>
                <![CDATA["Optional[Transaction_Tab_Sales]"]]>
              </value>
            </param>
          </params>
          <reporter-output>
          </reporter-output>
        </test-method> <!-- runScenario -->
        <test-method is-config="true" signature="tearDownClass()[pri:0, instance:parallel.ParallelRun@7c2b58c0]" started-at="2022-02-24T13:13:44Z" name="tearDownClass" finished-at="2022-02-24T13:13:55Z" duration-ms="11050" status="PASS">
          <reporter-output>
          </reporter-output>
        </test-method> <!-- tearDownClass -->
      </class> <!-- parallel.ParallelRun -->
    </test> <!-- Default test -->
  </suite> <!-- Default suite -->
</testng-results>
