<?xml version="1.0" encoding="UTF-8"?>
<testng-results ignored="0" total="1" passed="1" failed="0" skipped="0">
  <reporter-output>
  </reporter-output>
  <suite started-at="2022-03-06T04:17:11Z" name="Default suite" finished-at="2022-03-06T04:17:33Z" duration-ms="21983">
    <groups>
      <group name="cucumber">
        <method signature="AbstractTestNGCucumberTests.runScenario(io.cucumber.testng.PickleWrapper, io.cucumber.testng.FeatureWrapper)[pri:0, instance:parallel.ParallelRun@31ff6309]" name="runScenario" class="io.cucumber.testng.AbstractTestNGCucumberTests"/>
      </group> <!-- cucumber -->
    </groups>
    <test started-at="2022-03-06T04:17:11Z" name="Default test" finished-at="2022-03-06T04:17:33Z" duration-ms="21983">
      <class name="parallel.ParallelRun">
        <test-method is-config="true" signature="setUpClass()[pri:0, instance:parallel.ParallelRun@31ff6309]" started-at="2022-03-06T04:17:11Z" name="setUpClass" finished-at="2022-03-06T04:17:13Z" duration-ms="2113" status="PASS">
          <reporter-output>
          </reporter-output>
        </test-method> <!-- setUpClass -->
        <test-method signature="runScenario(io.cucumber.testng.PickleWrapper, io.cucumber.testng.FeatureWrapper)[pri:0, instance:parallel.ParallelRun@31ff6309]" started-at="2022-03-06T04:17:14Z" name="runScenario" description="Runs Cucumber Scenarios" data-provider="scenarios" finished-at="2022-03-06T04:17:26Z" duration-ms="12678" status="PASS">
          <params>
            <param index="0">
              <value>
                <![CDATA["BHiman Homepage-navigation"]]>
              </value>
            </param>
            <param index="1">
              <value>
                <![CDATA["Optional[Add-bank]"]]>
              </value>
            </param>
          </params>
          <reporter-output>
          </reporter-output>
        </test-method> <!-- runScenario -->
        <test-method is-config="true" signature="tearDownClass()[pri:0, instance:parallel.ParallelRun@31ff6309]" started-at="2022-03-06T04:17:26Z" name="tearDownClass" finished-at="2022-03-06T04:17:33Z" duration-ms="7038" status="PASS">
          <reporter-output>
          </reporter-output>
        </test-method> <!-- tearDownClass -->
      </class> <!-- parallel.ParallelRun -->
    </test> <!-- Default test -->
  </suite> <!-- Default suite -->
</testng-results>
